2021-09-01 14:25:25.643: more info: 139867783489280: Temperature updated: 18.7 (number/temperature/C)
2021-09-01 14:25:28.510: more info: 139867589654272: Temperature updated: 19 (number/temperature/C)
2021-09-01 14:25:30.317: more info: 139867631617792: Temperature updated: 19.2 (number/temperature/C)
2021-09-01 14:25:31.511: more info: 139867656795904: Sending response after 0.991ms
2021-09-01 14:25:31.518: info: 139867480549120: Returning active data for receiver: 7cd335b7-b22b-5c11-81e4-1eef93efddfc
2021-09-01 14:25:31.519: more info: 139867631617792: Sending response after 0.907ms
2021-09-01 14:25:31.521: info: 139867766703872: Returning constraints for receiver: 7cd335b7-b22b-5c11-81e4-1eef93efddfc
2021-09-01 14:25:31.521: info: 139867673581312: Returning staged data for receiver: 7cd335b7-b22b-5c11-81e4-1eef93efddfc
2021-09-01 14:25:31.521: more info: 139867631617792: Sending response after 0.936ms
2021-09-01 14:25:31.521: more info: 139867556083456: Sending response after 0.863ms
2021-09-01 14:25:31.522: more info: 139867783489280: Sending response after 0.716ms
2021-09-01 14:25:31.534: info: 139867421800192: Operation requested for single receiver: 7cd335b7-b22b-5c11-81e4-1eef93efddfc
2021-09-01 14:25:31.535: more info: 139867421800192: Validating staged transport parameters against constraints
2021-09-01 14:25:31.536: info: 139867371443968: Processing immediate activation for receiver: 7cd335b7-b22b-5c11-81e4-1eef93efddfc
2021-09-01 14:25:31.536: info: 139867371443968: Activating receiver: 7cd335b7-b22b-5c11-81e4-1eef93efddfc
2021-09-01 14:25:31.536: more info: 139867564476160: Opening websocket connection to: ws://172.17.0.5:9081/x-nmos/events/v1.0/devices/108e4a75-de97-58d9-9a00-4da724fdd65a
2021-09-01 14:25:31.536: info: 139867396622080: Requesting registration update for receiver: 7cd335b7-b22b-5c11-81e4-1eef93efddfc
2021-09-01 14:25:31.537: more info: 139867514119936: Sending response after 2.892ms
2021-09-01 14:25:31.537: more info: 139867262535424: Validating websocket connection to: /x-nmos/events/v1.0/devices/108e4a75-de97-58d9-9a00-4da724fdd65a
2021-09-01 14:25:31.537: info: 139867262535424: WebSocket Connection 172.17.0.5:45356 v13 "WebSocket++/0.8.2" /x-nmos/events/v1.0/devices/108e4a75-de97-58d9-9a00-4da724fdd65a 101
2021-09-01 14:25:31.537: info: 139867262535424: Opening websocket connection to: /x-nmos/events/v1.0/devices/108e4a75-de97-58d9-9a00-4da724fdd65a
2021-09-01 14:25:31.538: info: 139867262535424: Creating websocket connection: 18786922-28ae-4146-aceb-fab3ded062c2 to subscription: 8cc13bf3-664c-4085-af1f-cdd11b154d3c
2021-09-01 14:25:31.538: info: 139867262535424: Received subscription command for 1 sources
2021-09-01 14:25:31.538: info: 139867388229376: Preparing to send 1 events on websocket connection: 18786922-28ae-4146-aceb-fab3ded062c2
2021-09-01 14:25:31.538: info: 139867388229376: Sending 1 websocket messages
2021-09-01 14:25:31.538: more info: 139867262535424: Dispatching write containing 1 message(s) containing 4 header bytes and 263 payload bytes
2021-09-01 14:25:31.538: more info: 139867262535424: Header Bytes: 
	[0] (4) 81 7E 01 07 
	
2021-09-01 14:25:31.539: more info: 139867463763712: Event received: 19.2 (number/temperature/C)

