2021-09-01 14:28:28.882: more info: 139867530905344: Temperature updated: 18 (number/temperature/C)
2021-09-01 14:28:32.349: more info: 139867514119936: Temperature updated: 17.6 (number/temperature/C)
2021-09-01 14:28:34.204: more info: 139867564476160: Temperature updated: 17.6 (number/temperature/C)
2021-09-01 14:28:34.648: more info: 139867522512640: Sending response after 0.936ms
2021-09-01 14:28:34.658: info: 139867522512640: Returning active data for sender: 0ca0d1fc-2c02-5306-b42f-98f37bbf7338
2021-09-01 14:28:34.658: more info: 139867556083456: Sending response after 1.025ms
2021-09-01 14:28:34.660: info: 139867556083456: Returning constraints for sender: 0ca0d1fc-2c02-5306-b42f-98f37bbf7338
2021-09-01 14:28:34.661: info: 139867522512640: Returning staged data for sender: 0ca0d1fc-2c02-5306-b42f-98f37bbf7338
2021-09-01 14:28:34.661: more info: 139867463763712: Sending response after 0.901ms
2021-09-01 14:28:34.661: more info: 139867589654272: Sending response after 1.033ms
2021-09-01 14:28:34.661: warning: 139867775096576: Transport file requested for sender: 0ca0d1fc-2c02-5306-b42f-98f37bbf7338 which does not have one
2021-09-01 14:28:34.662: error: 139867681974016: Route not found
2021-09-01 14:28:34.662: more info: 139867681974016: Sending response after 1.132ms
2021-09-01 14:28:34.662: more info: 139867800274688: Sending response after 0.758ms
2021-09-01 14:28:34.695: more info: 139867421800192: Sending response after 0.987ms
2021-09-01 14:28:34.707: info: 139867783489280: Returning active data for sender: 0ca0d1fc-2c02-5306-b42f-98f37bbf7338
2021-09-01 14:28:34.707: info: 139867455371008: Returning constraints for sender: 0ca0d1fc-2c02-5306-b42f-98f37bbf7338
2021-09-01 14:28:34.707: info: 139867446978304: Returning staged data for sender: 0ca0d1fc-2c02-5306-b42f-98f37bbf7338
2021-09-01 14:28:34.707: warning: 139867800274688: Transport file requested for sender: 0ca0d1fc-2c02-5306-b42f-98f37bbf7338 which does not have one
2021-09-01 14:28:34.707: more info: 139867791881984: Sending response after 1.154ms
2021-09-01 14:28:34.708: more info: 139867539298048: Sending response after 1.118ms
2021-09-01 14:28:34.708: more info: 139867547690752: Sending response after 1.051ms
2021-09-01 14:28:34.708: more info: 139867472156416: Sending response after 0.966ms
2021-09-01 14:28:34.708: error: 139867564476160: Route not found
2021-09-01 14:28:34.708: more info: 139867564476160: Sending response after 1.646ms
